nohup: ignoring input
wandb: [wandb.login()] Loaded credentials for https://api.wandb.ai from /home/gxg8313/.netrc.
wandb: Currently logged in as: ssteja1998 (utarlington) to https://api.wandb.ai. Use `wandb login --relogin` to force relogin
wandb: setting up run ga4dha27
wandb: Tracking run with wandb version 0.25.1
wandb: Run data is saved locally in /storage/gxg8313/saiteja/PostTrain-7B/wandb/run-20260412_022841-ga4dha27
wandb: Run `wandb offline` to turn off syncing.
wandb: Syncing run eager-energy-1
wandb: ⭐️ View project at https://wandb.ai/utarlington/verifiable-alignment
wandb: 🚀 View run at https://wandb.ai/utarlington/verifiable-alignment/runs/ga4dha27
Generating train split:   0%|          | 0/7473 [00:00<?, ? examples/s]Generating train split:  13%|█▎        | 1000/7473 [00:00<00:00, 8813.30 examples/s]Generating train split: 100%|██████████| 7473/7473 [00:00<00:00, 42675.31 examples/s]
Generating test split:   0%|          | 0/1319 [00:00<?, ? examples/s]Generating test split: 100%|██████████| 1319/1319 [00:00<00:00, 16024.19 examples/s]
Traceback (most recent call last):
  File "/storage/gxg8313/saiteja/PostTrain-7B/data/generate_preferences.py", line 255, in <module>
    main(parser.parse_args())
  File "/storage/gxg8313/saiteja/PostTrain-7B/data/generate_preferences.py", line 199, in main
    problems = load_problems()
               ^^^^^^^^^^^^^^^
  File "/storage/gxg8313/saiteja/PostTrain-7B/data/generate_preferences.py", line 61, in load_problems
    math = load_dataset("lighteval/MATH", split="train")
           ^^^^^^^^^^^^^^^^^^^^^^^^^^^^^^^^^^^^^^^^^^^^^
  File "/storage/gxg8313/saiteja/PostTrain-7B/venv/lib/python3.11/site-packages/datasets/load.py", line 1688, in load_dataset
    builder_instance = load_dataset_builder(
                       ^^^^^^^^^^^^^^^^^^^^^
  File "/storage/gxg8313/saiteja/PostTrain-7B/venv/lib/python3.11/site-packages/datasets/load.py", line 1315, in load_dataset_builder
    dataset_module = dataset_module_factory(
                     ^^^^^^^^^^^^^^^^^^^^^^^
  File "/storage/gxg8313/saiteja/PostTrain-7B/venv/lib/python3.11/site-packages/datasets/load.py", line 1201, in dataset_module_factory
    raise e1 from None
  File "/storage/gxg8313/saiteja/PostTrain-7B/venv/lib/python3.11/site-packages/datasets/load.py", line 1158, in dataset_module_factory
    raise DatasetNotFoundError(f"Dataset '{path}' doesn't exist on the Hub or cannot be accessed.") from e
datasets.exceptions.DatasetNotFoundError: Dataset 'lighteval/MATH' doesn't exist on the Hub or cannot be accessed.
[1;34mwandb[0m: 
[1;34mwandb[0m: 🚀 View run [33meager-energy-1[0m at: [34mhttps://wandb.ai/utarlington/verifiable-alignment/runs/ga4dha27[0m
[1;34mwandb[0m: Find logs at: [1;35mwandb/run-20260412_022841-ga4dha27/logs[0m
